<?xml version="1.0" encoding="UTF-8"?>
<!-- Generated by org.testng.reporters.JUnitReportReporter -->
<testsuite hostname="LTIN193185" failures="0" tests="2" name="TestCases.TC_03FillingForm" time="4.744" errors="0" timestamp="2024-03-04T13:19:42 IST" skipped="0">
  <testcase classname="TestCases.TC_03FillingForm" name="form" time="4.523"/>
  <system-out/>
  <testcase classname="TestCases.TC_03FillingForm" name="error_msg" time="0.221"/>
  <system-out/>
</testsuite> <!-- TestCases.TC_03FillingForm -->
