<?xml version="1.0" encoding="UTF-8"?>
<!-- Generated by org.testng.reporters.JUnitReportReporter -->
<testsuite hostname="LTIN207674" failures="0" tests="3" name="TestCases.Courses" time="11.134" errors="0" timestamp="2024-02-20T16:53:53 IST" skipped="0">
  <testcase classname="TestCases.Courses" name="search" time="8.005"/>
  <testcase classname="TestCases.Courses" name="filters" time="0.906"/>
  <testcase classname="TestCases.Courses" name="courses" time="2.223"/>
</testsuite> <!-- TestCases.Courses -->
