<?xml version="1.0" encoding="UTF-8"?>
<!-- Generated by org.testng.reporters.JUnitReportReporter -->
<testsuite hostname="LTIN193185" failures="0" tests="4" name="TestCases.TC_02LanguageLearning" time="38.886" errors="0" timestamp="2024-03-04T13:19:42 IST" skipped="0">
  <testcase classname="TestCases.TC_02LanguageLearning" name="lang_learn" time="6.865"/>
  <system-out/>
  <testcase classname="TestCases.TC_02LanguageLearning" name="levels" time="1.122"/>
  <system-out/>
  <testcase classname="TestCases.TC_02LanguageLearning" name="languages" time="3.941"/>
  <system-out/>
  <testcase classname="TestCases.TC_02LanguageLearning" name="enterprise" time="26.958"/>
  <system-out/>
</testsuite> <!-- TestCases.TC_02LanguageLearning -->
