<?xml version="1.0" encoding="UTF-8"?>
<!-- Generated by org.testng.reporters.JUnitReportReporter -->
<testsuite hostname="LTIN193185" failures="0" tests="5" name="TestCases.TC_01WebDevelopmentCourses" time="17.773" errors="0" timestamp="2024-03-04T13:19:42 IST" skipped="0">
  <testcase classname="TestCases.TC_01WebDevelopmentCourses" name="search" time="8.364"/>
  <system-out/>
  <testcase classname="TestCases.TC_01WebDevelopmentCourses" name="filters" time="3.487"/>
  <system-out/>
  <testcase classname="TestCases.TC_01WebDevelopmentCourses" name="courses" time="5.646"/>
  <system-out/>
  <testcase classname="TestCases.TC_01WebDevelopmentCourses" name="firstcourse" time="0.121"/>
  <system-out/>
  <testcase classname="TestCases.TC_01WebDevelopmentCourses" name="secondcourse" time="0.155"/>
  <system-out/>
</testsuite> <!-- TestCases.TC_01WebDevelopmentCourses -->
